Change Component Comment : Designator=R1 Old Comment=Axial_Res New Comment=1k
Change Component Comment : Designator=R8 Old Comment=Axial_Res New Comment=1k
Change Component Comment : Designator=R4 Old Comment=Axial_Res New Comment=2.2k
Change Component Comment : Designator=R5 Old Comment=Axial_Res New Comment=4.7k
Change Component Comment : Designator=R3 Old Comment=Axial_Res New Comment=15k
Change Component Comment : Designator=R7 Old Comment=Axial_Res New Comment=15k
Change Component Comment : Designator=R6 Old Comment=Axial_Res New Comment=22k
Added Component: Designator=R9(Axial_Res)
Add component. Clean all parameters for all variants
Added Pin To Net: NetName=GND Pin=U1-2
Added Pin To Net: NetName=5V Pin=R1-2
Added Pin To Net: NetName=5V Pin=R6-1
Added Pin To Net: NetName=5V Pin=R9-1
Added Pin To Net: NetName=5V Pin=T1-2
Added Pin To Net: NetName=5V Pin=U1-4
Added Net: Name=5V
Added Pin To Net: NetName=BAT Pin=J1-1
Added Net: Name=BAT
Added Pin To Net: NetName=MIC Pin=U1-3
Added Net: Name=MIC
Added Member To Class: ClassName=HearingAid Member=Component R9 22k
Added Member To Class: ClassName=HearingAid Member=Component T2 BC639
