Removed Pin From Net: NetName=NetR10_2 Pin=R11-1
Removed Pin From Net: NetName=GND Pin=R11-2
Removed Pin From Net: NetName=MIC Pin=U1-3
Removed Member From Class: ClassName=HearingAid Member=R11
Added Component: Designator=R?(TRIMMER_10K)
Add component. Clean all parameters for all variants
Add component (AddParameter): Name = "ComponentLink1Description"; Value = "http://www.bourns.com/docs/Product-Datasheets/3292.pdf?src-supplier=Digi-Key"; VariantName = "[No Variations]"
Add component (AddParameter): Name = "ComponentLink1URL"; Value = "http://www.bourns.com/docs/Product-Datasheets/3292.pdf?src-supplier=Digi-Key"; VariantName = "[No Variations]"
Add component (AddParameter): Name = "ComponentLink2Description"; Value = "http://www.bourns.com/data/global/pdfs/3292.pdf?src-supplier=Avnet"; VariantName = "[No Variations]"
Add component (AddParameter): Name = "ComponentLink2URL"; Value = "http://www.bourns.com/data/global/pdfs/3292.pdf?src-supplier=Avnet"; VariantName = "[No Variations]"
Add component (AddParameter): Name = "Manufacturer"; Value = "Bourns"; VariantName = "[No Variations]"
Add component (AddParameter): Name = "Manufacturer Part Number"; Value = "3292W-1-103MLF"; VariantName = "[No Variations]"
Add component (AddParameter): Name = "Mounting"; Value = "Panel Mount/Through Hole"; VariantName = "[No Variations]"
Add component (AddParameter): Name = "Number of Turns"; Value = "25(Elec) Turns"; VariantName = "[No Variations]"
Add component (AddParameter): Name = "Operating Temperature"; Value = "-65 to 150 °C"; VariantName = "[No Variations]"
Add component (AddParameter): Name = "Packaging"; Value = "Rail / Tube"; VariantName = "[No Variations]"
Add component (AddParameter): Name = "Power Rating"; Value = "1/2 W"; VariantName = "[No Variations]"
Add component (AddParameter): Name = "Pricing 1"; Value = "1=23.15, 10=21.3, 50=15.75, 100=14.53, 1000=13.16, 10000=13.16 (USD)"; VariantName = "[No Variations]"
Add component (AddParameter): Name = "Rad Hard"; Value = "No"; VariantName = "[No Variations]"
Add component (AddParameter): Name = "Resistance Value"; Value = "10 KOhm"; VariantName = "[No Variations]"
Add component (AddParameter): Name = "Stock 1"; Value = "100"; VariantName = "[No Variations]"
Add component (AddParameter): Name = "Supplier 1"; Value = "Mouser"; VariantName = "[No Variations]"
Add component (AddParameter): Name = "Supplier Part Number 1"; Value = "652-3292W-1-103MLF"; VariantName = "[No Variations]"
Add component (AddParameter): Name = "Technology"; Value = "Cermet"; VariantName = "[No Variations]"
Add component (AddParameter): Name = "Tolerance"; Value = "10 %"; VariantName = "[No Variations]"
Add component (AddParameter): Name = "Type"; Value = "Trimmer"; VariantName = "[No Variations]"
Added Pin To Net: NetName=NetR10_2 Pin=R?-1
Added Pin To Net: NetName=MIC Pin=R?-2
Added Pin To Net: NetName=GND Pin=U1-3
Added Member To Class: ClassName=HearingAid Member=Component R? Var_Res_100K
